<?xml version="1.0" encoding="UTF-8"?>
<testng-results ignored="0" total="1" passed="1" failed="0" skipped="0">
  <reporter-output>
  </reporter-output>
  <suite started-at="2024-02-09T20:38:03 ICT" name="Default suite" finished-at="2024-02-09T20:38:19 ICT" duration-ms="15196">
    <groups>
    </groups>
    <test started-at="2024-02-09T20:38:03 ICT" name="Default test" finished-at="2024-02-09T20:38:19 ICT" duration-ms="15196">
      <class name="test.testNG">
        <test-method is-config="true" signature="beforeMethod()[pri:0, instance:test.testNG@45d84a20]" started-at="2024-02-09T20:38:03 ICT" name="beforeMethod" finished-at="2024-02-09T20:38:03 ICT" duration-ms="15" status="PASS">
          <reporter-output>
          </reporter-output>
        </test-method> <!-- beforeMethod -->
        <test-method signature="mainTest()[pri:0, instance:test.testNG@45d84a20]" started-at="2024-02-09T20:38:03 ICT" name="mainTest" finished-at="2024-02-09T20:38:18 ICT" duration-ms="14990" status="PASS">
          <reporter-output>
          </reporter-output>
        </test-method> <!-- mainTest -->
        <test-method is-config="true" signature="afterMethod()[pri:0, instance:test.testNG@45d84a20]" started-at="2024-02-09T20:38:18 ICT" name="afterMethod" finished-at="2024-02-09T20:38:19 ICT" duration-ms="133" status="PASS">
          <reporter-output>
          </reporter-output>
        </test-method> <!-- afterMethod -->
      </class> <!-- test.testNG -->
    </test> <!-- Default test -->
  </suite> <!-- Default suite -->
</testng-results>
