<?xml version="1.0" encoding="UTF-8"?>
<testng-results ignored="0" total="1" passed="1" failed="0" skipped="0">
  <reporter-output>
  </reporter-output>
  <suite started-at="2024-02-08T19:08:37 ICT" name="Default suite" finished-at="2024-02-08T19:08:52 ICT" duration-ms="14817">
    <groups>
    </groups>
    <test started-at="2024-02-08T19:08:37 ICT" name="Default test" finished-at="2024-02-08T19:08:52 ICT" duration-ms="14817">
      <class name="test.testNG">
        <test-method is-config="true" signature="beforeMethod()[pri:0, instance:test.testNG@45d84a20]" started-at="2024-02-08T19:08:37 ICT" name="beforeMethod" finished-at="2024-02-08T19:08:37 ICT" duration-ms="14" status="PASS">
          <reporter-output>
          </reporter-output>
        </test-method> <!-- beforeMethod -->
        <test-method signature="f()[pri:0, instance:test.testNG@45d84a20]" started-at="2024-02-08T19:08:37 ICT" name="f" finished-at="2024-02-08T19:08:51 ICT" duration-ms="14606" status="PASS">
          <reporter-output>
          </reporter-output>
        </test-method> <!-- f -->
        <test-method is-config="true" signature="afterMethod()[pri:0, instance:test.testNG@45d84a20]" started-at="2024-02-08T19:08:51 ICT" name="afterMethod" finished-at="2024-02-08T19:08:52 ICT" duration-ms="151" status="PASS">
          <reporter-output>
          </reporter-output>
        </test-method> <!-- afterMethod -->
      </class> <!-- test.testNG -->
    </test> <!-- Default test -->
  </suite> <!-- Default suite -->
</testng-results>
